0 info it worked if it ends with ok
1 verbose cli [ '/home/ubuntu/.nvm/v0.10.35/bin/node',
1 verbose cli   '/home/ubuntu/.nvm/v0.10.35/bin/npm',
1 verbose cli   'install',
1 verbose cli   'momentjs',
1 verbose cli   '--save' ]
2 info using npm@1.4.28
3 info using node@v0.10.35
4 warn package.json workspace@1.0.0 No repository field.
5 warn package.json workspace@1.0.0 No README data
6 warn package.json path@0.4.10 path is also the name of a node core module.
7 verbose readDependencies using package.json deps
8 verbose cache add [ 'momentjs', null ]
9 verbose cache add name=undefined spec="momentjs" args=["momentjs",null]
10 verbose parsed url { protocol: null,
10 verbose parsed url   slashes: null,
10 verbose parsed url   auth: null,
10 verbose parsed url   host: null,
10 verbose parsed url   port: null,
10 verbose parsed url   hostname: null,
10 verbose parsed url   hash: null,
10 verbose parsed url   search: null,
10 verbose parsed url   query: null,
10 verbose parsed url   pathname: 'momentjs',
10 verbose parsed url   path: 'momentjs',
10 verbose parsed url   href: 'momentjs' }
11 silly lockFile 6617700a-momentjs momentjs
12 verbose lock momentjs /home/ubuntu/.npm/6617700a-momentjs.lock
13 silly lockFile 6617700a-momentjs momentjs
14 silly lockFile 6617700a-momentjs momentjs
15 verbose addNamed [ 'momentjs', '' ]
16 verbose addNamed [ null, '*' ]
17 silly lockFile 04d76c48-momentjs momentjs@
18 verbose lock momentjs@ /home/ubuntu/.npm/04d76c48-momentjs.lock
19 silly addNameRange { name: 'momentjs', range: '*', hasData: false }
20 verbose request where is /momentjs
21 verbose request registry https://registry.npmjs.org/
22 verbose request id 20a6bb406d82672b
23 verbose url raw /momentjs
24 verbose url resolving [ 'https://registry.npmjs.org/', './momentjs' ]
25 verbose url resolved https://registry.npmjs.org/momentjs
26 verbose request where is https://registry.npmjs.org/momentjs
27 info trying registry request attempt 1 at 18:16:17
28 http GET https://registry.npmjs.org/momentjs
29 http 404 https://registry.npmjs.org/momentjs
30 verbose headers { date: 'Wed, 18 Mar 2015 18:16:17 GMT',
30 verbose headers   server: 'CouchDB/1.5.0 (Erlang OTP/R16B03)',
30 verbose headers   'content-type': 'application/json',
30 verbose headers   'cache-control': 'max-age=0',
30 verbose headers   'content-length': '51',
30 verbose headers   'accept-ranges': 'bytes',
30 verbose headers   via: '1.1 varnish',
30 verbose headers   age: '0',
30 verbose headers   'x-served-by': 'cache-dfw1827-DFW',
30 verbose headers   'x-cache': 'MISS',
30 verbose headers   'x-cache-hits': '0',
30 verbose headers   'x-timer': 'S1426702577.593757,VS0,VE46',
30 verbose headers   'keep-alive': 'timeout=10, max=50',
30 verbose headers   connection: 'Keep-Alive' }
31 silly registry.get cb [ 404,
31 silly registry.get   { date: 'Wed, 18 Mar 2015 18:16:17 GMT',
31 silly registry.get     server: 'CouchDB/1.5.0 (Erlang OTP/R16B03)',
31 silly registry.get     'content-type': 'application/json',
31 silly registry.get     'cache-control': 'max-age=0',
31 silly registry.get     'content-length': '51',
31 silly registry.get     'accept-ranges': 'bytes',
31 silly registry.get     via: '1.1 varnish',
31 silly registry.get     age: '0',
31 silly registry.get     'x-served-by': 'cache-dfw1827-DFW',
31 silly registry.get     'x-cache': 'MISS',
31 silly registry.get     'x-cache-hits': '0',
31 silly registry.get     'x-timer': 'S1426702577.593757,VS0,VE46',
31 silly registry.get     'keep-alive': 'timeout=10, max=50',
31 silly registry.get     connection: 'Keep-Alive' } ]
32 silly lockFile 04d76c48-momentjs momentjs@
33 silly lockFile 04d76c48-momentjs momentjs@
34 error 404 404 Not Found: momentjs
34 error 404
34 error 404 'momentjs' is not in the npm registry.
34 error 404 You should bug the author to publish it
34 error 404 It was specified as a dependency of 'workspace'
34 error 404
34 error 404 Note that you can also install from a
34 error 404 tarball, folder, or http url, or git url.
35 error System Linux 3.14.13-c9
36 error command "/home/ubuntu/.nvm/v0.10.35/bin/node" "/home/ubuntu/.nvm/v0.10.35/bin/npm" "install" "momentjs" "--save"
37 error cwd /home/ubuntu/workspace/backend-angular-seed/server
38 error node -v v0.10.35
39 error npm -v 1.4.28
40 error code E404
41 verbose exit [ 1, true ]
